300  yprogram
281     yident         caseRepeat
285  yleftparen
281  yident         input
264  ycomma
281  yident         output
306  yrightparen
307  ysemicolon
/*** Demonstrate the repeat and case statements.  ***/
315  yvar
281  yident         number
263  ycolon
281  yident         integer
307  ysemicolon
260  ybegin
304  yrepeat
318  ywriteln
285  yleftparen
309  ystring        'Enter year number, between 1 and 5, negative number to finish:'
306  yrightparen
307  ysemicolon
301  yread
285  yleftparen
281  yident         number
306  yrightparen
307  ysemicolon
282  yif
285  yleftparen
281  yident         number
280  ygreaterequal
295  ynumber        1
306  yrightparen
257  yand
285  yleftparen
281  yident         number
287  ylessequal
295  ynumber        5
306  yrightparen
310  ythen
260  ybegin
262  ycase
281  yident         number
296  yof
295  ynumber        1
263  ycolon
318  ywriteln
285  yleftparen
309  ystring        "First year student"
306  yrightparen
307  ysemicolon
295  ynumber        2
263  ycolon
318  ywriteln
285  yleftparen
309  ystring        "Sophomore"
306  yrightparen
307  ysemicolon
295  ynumber        3
263  ycolon
318  ywriteln
285  yleftparen
309  ystring        "Junior"
306  yrightparen
307  ysemicolon
295  ynumber        4
263  ycolon
318  ywriteln
285  yleftparen
309  ystring        "Senior"
306  yrightparen
307  ysemicolon
295  ynumber        5
263  ycolon
260  ybegin
318  ywriteln
285  yleftparen
309  ystring        "Congratulations, you have graduated ... "
306  yrightparen
307  ysemicolon
318  ywriteln
285  yleftparen
309  ystring        "Graduate student???"
306  yrightparen
307  ysemicolon
274  yend
274  yend
274  yend
314  yuntil
281  yident         number
286  yless
295  ynumber        0
274  yend
270  ydot
