300  yprogram
281  yident         setstuff
285  yleftparen
281  yident         input
264  ycomma
281  yident         output
306  yrightparen
307  ysemicolon
/*** Demonstrate the set datatype.  ***/
313  ytype
281  yident         Digit
275  yequal
308  yset
296  yof
295  ynumber        0
271     ydotdot        
295  ynumber        9
307  ysemicolon
315  yvar
281  yident         odds
264  ycomma
281  yident         evens
264  ycomma
281  yident         stuff
264  ycomma
281  yident         morestuff
263  ycolon
281  yident         Digit
307  ysemicolon
260  ybegin
281  yident         odds
259  yassign
284  yleftbracket
295  ynumber        1
264  ycomma
295  ynumber        3
264  ycomma
295  ynumber        5
264  ycomma
295  ynumber        7
264  ycomma
295  ynumber        9
305  yrightbracket
307  ysemicolon
281  yident         evens
259  yassign
284  yleftbracket
295  ynumber        0
264  ycomma
295  ynumber        2
264  ycomma
295  ynumber        4
264  ycomma
295  ynumber        6
264  ycomma
295  ynumber        8
305  yrightbracket
307  ysemicolon
281  yident         stuff
259  yassign
284  yleftbracket
305  yrightbracket
307  ysemicolon
/* empty set */
281  yident         morestuff
259  yassign
281  yident         odds
298  yplus
284  yleftbracket
295  ynumber        2
305  yrightbracket
307  ysemicolon
/* union of 2 sets */
282  yif
295  ynumber        3
283  yin
281  yident         morestuff
310  ythen
318  ywriteln
285  yleftparen
309  ystring        "3 in the set"
306  yrightparen
273  yelse
318  ywriteln
285  yleftparen
309  ystring        "3 not in the set"
306  yrightparen
307  ysemicolon
282  yif
295  ynumber        4
283  yin
281  yident         morestuff
310  ythen
318  ywriteln
285  yleftparen
309  ystring        "4 in the set"
306  yrightparen
273  yelse
318  ywriteln
285  yleftparen
309  ystring        "4 not in the set"
306  yrightparen
307  ysemicolon
274  yend
270  ydot
