300  yprogram
281  yident         subscripts
285  yleftparen
281  yident         input
264  ycomma
281  yident         output
306  yrightparen
307  ysemicolon
/*** Demonstrate arrays differently subscripted.  ***/
265  yconst
281  yident         startSubscript
275  yequal
295  ynumber        5
307  ysemicolon
281  yident         endSubscript
275  yequal
295  ynumber        10
307  ysemicolon
315  yvar
281  yident         i
264  ycomma
281  yident         j
264  ycomma
281  yident         k
263  ycolon
281  yident         integer
307  ysemicolon
281  yident         a
263  ycolon
258  yarray
284  yleftbracket
281  yident         startSubscript
271  ydotdot
281  yident         endSubscript
305  yrightbracket
296  yof
281  yident         integer
307  ysemicolon
/* **************************    main      ********************************** */
260  ybegin
277  yfor
281  yident         i
259  yassign
281  yident         startSubscript
311  yto
281  yident         endSubscript
269  ydo
281  yident         a
284  yleftbracket
281  yident         i
305  yrightbracket
259  yassign
281  yident         i
290  ymultiply
295  ynumber        100
307  ysemicolon
318  ywriteln
285  yleftparen
309  ystring        'The array:'
306  yrightparen
307  ysemicolon
277  yfor
281  yident         j
259  yassign
281  yident         startSubscript
311  yto
281  yident         endSubscript
269  ydo
317  ywrite
285  yleftparen
281  yident         a
284  yleftbracket
281  yident         j
305  yrightbracket
306  yrightparen
307  ysemicolon
318  ywriteln
274  yend
270  ydot
